2025-10-21 00:24:56 [HikariPool-1:housekeeper] WARN  com.zaxxer.hikari.pool.HikariPool - HikariPool-1 - Thread starvation or clock leap detected (housekeeper delta=1h1m6s497ms).
2025-10-21 01:25:55 [HikariPool-1:housekeeper] WARN  com.zaxxer.hikari.pool.HikariPool - HikariPool-1 - Thread starvation or clock leap detected (housekeeper delta=1h59s22ms).
2025-10-21 02:19:29 [HikariPool-1:housekeeper] WARN  com.zaxxer.hikari.pool.HikariPool - HikariPool-1 - Thread starvation or clock leap detected (housekeeper delta=53m34s96ms).
2025-10-21 03:50:36 [HikariPool-1:housekeeper] WARN  com.zaxxer.hikari.pool.HikariPool - HikariPool-1 - Thread starvation or clock leap detected (housekeeper delta=1h31m6s937ms).
2025-10-21 05:27:28 [HikariPool-1:housekeeper] WARN  com.zaxxer.hikari.pool.HikariPool - HikariPool-1 - Thread starvation or clock leap detected (housekeeper delta=1h36m51s902ms).
2025-10-21 06:46:40 [HikariPool-1:housekeeper] WARN  com.zaxxer.hikari.pool.HikariPool - HikariPool-1 - Thread starvation or clock leap detected (housekeeper delta=1h19m12s298ms).
2025-10-21 07:54:33 [HikariPool-1:housekeeper] WARN  com.zaxxer.hikari.pool.HikariPool - HikariPool-1 - Thread starvation or clock leap detected (housekeeper delta=1h7m53s251ms).
2025-10-21 08:17:48 [HikariPool-1:housekeeper] WARN  com.zaxxer.hikari.pool.HikariPool - HikariPool-1 - Thread starvation or clock leap detected (housekeeper delta=23m14s704ms).
2025-10-21 08:54:37 [HikariPool-1:housekeeper] WARN  com.zaxxer.hikari.pool.HikariPool - HikariPool-1 - Thread starvation or clock leap detected (housekeeper delta=36m48s540ms).
2025-10-21 09:35:09 [HikariPool-1:housekeeper] WARN  com.zaxxer.hikari.pool.HikariPool - HikariPool-1 - Thread starvation or clock leap detected (housekeeper delta=40m32s16ms).
2025-10-21 10:08:11 [RMI TCP Connection(58)-127.0.0.1] INFO  o.s.b.a.SpringApplicationAdminMXBeanRegistrar$SpringApplicationAdmin - Application shutdown requested.
2025-10-21 10:08:11 [RMI TCP Connection(58)-127.0.0.1] INFO  o.s.b.w.e.tomcat.GracefulShutdown - Commencing graceful shutdown. Waiting for active requests to complete
2025-10-21 10:08:11 [tomcat-shutdown] INFO  o.a.coyote.http11.Http11NioProtocol - Pausing ProtocolHandler ["http-nio-8081"]
2025-10-21 10:08:11 [tomcat-shutdown] INFO  o.s.b.w.e.tomcat.GracefulShutdown - Graceful shutdown complete
2025-10-21 10:08:11 [RMI TCP Connection(58)-127.0.0.1] INFO  o.a.coyote.http11.Http11NioProtocol - Stopping ProtocolHandler ["http-nio-8081"]
2025-10-21 10:08:11 [RMI TCP Connection(58)-127.0.0.1] INFO  o.s.o.j.LocalContainerEntityManagerFactoryBean - Closing JPA EntityManagerFactory for persistence unit 'default'
2025-10-21 10:08:11 [RMI TCP Connection(58)-127.0.0.1] INFO  com.zaxxer.hikari.HikariDataSource - HikariPool-1 - Shutdown initiated...
2025-10-21 10:08:11 [RMI TCP Connection(58)-127.0.0.1] INFO  com.zaxxer.hikari.HikariDataSource - HikariPool-1 - Shutdown completed.
2025-10-21 11:38:45 [background-preinit] INFO  o.h.validator.internal.util.Version - HV000001: Hibernate Validator 8.0.3.Final
2025-10-21 11:38:45 [main] INFO  c.n.r.RagChatStorageApplication - Starting RagChatStorageApplication using Java 17.0.14 with PID 41676 (/Users/meghan21/Downloads/rag-chat-storage/target/classes started by meghan21 in /Users/meghan21/Downloads/rag-chat-storage)
2025-10-21 11:38:45 [main] INFO  c.n.r.RagChatStorageApplication - No active profile set, falling back to 1 default profile: "default"
2025-10-21 11:38:45 [main] INFO  o.s.d.r.c.RepositoryConfigurationDelegate - Bootstrapping Spring Data JPA repositories in DEFAULT mode.
2025-10-21 11:38:45 [main] INFO  o.s.d.r.c.RepositoryConfigurationDelegate - Finished Spring Data repository scanning in 14 ms. Found 2 JPA repository interfaces.
2025-10-21 11:38:45 [main] INFO  o.s.b.w.e.tomcat.TomcatWebServer - Tomcat initialized with port 8081 (http)
2025-10-21 11:38:45 [main] INFO  o.a.coyote.http11.Http11NioProtocol - Initializing ProtocolHandler ["http-nio-8081"]
2025-10-21 11:38:45 [main] INFO  o.a.catalina.core.StandardService - Starting service [Tomcat]
2025-10-21 11:38:45 [main] INFO  o.a.catalina.core.StandardEngine - Starting Servlet engine: [Apache Tomcat/10.1.46]
2025-10-21 11:38:45 [main] INFO  o.a.c.c.C.[Tomcat].[localhost].[/] - Initializing Spring embedded WebApplicationContext
2025-10-21 11:38:45 [main] INFO  o.s.b.w.s.c.ServletWebServerApplicationContext - Root WebApplicationContext: initialization completed in 699 ms
2025-10-21 11:38:46 [main] DEBUG c.n.r.config.ApiKeyAuthFilter - Filter 'apiKeyAuthFilter' configured for use
2025-10-21 11:38:46 [main] INFO  o.h.jpa.internal.util.LogHelper - HHH000204: Processing PersistenceUnitInfo [name: default]
2025-10-21 11:38:46 [main] INFO  org.hibernate.Version - HHH000412: Hibernate ORM core version 6.6.29.Final
2025-10-21 11:38:46 [main] INFO  o.h.c.i.RegionFactoryInitiator - HHH000026: Second-level cache disabled
2025-10-21 11:38:46 [main] INFO  o.s.o.j.p.SpringPersistenceUnitInfo - No LoadTimeWeaver setup: ignoring JPA class transformer
2025-10-21 11:38:46 [main] INFO  com.zaxxer.hikari.HikariDataSource - HikariPool-1 - Starting...
2025-10-21 11:38:46 [main] INFO  com.zaxxer.hikari.pool.HikariPool - HikariPool-1 - Added connection org.postgresql.jdbc.PgConnection@206b959c
2025-10-21 11:38:46 [main] INFO  com.zaxxer.hikari.HikariDataSource - HikariPool-1 - Start completed.
2025-10-21 11:38:46 [main] WARN  org.hibernate.orm.deprecation - HHH90000025: PostgreSQLDialect does not need to be specified explicitly using 'hibernate.dialect' (remove the property setting and it will be selected by default)
2025-10-21 11:38:46 [main] INFO  o.hibernate.orm.connections.pooling - HHH10001005: Database info:
	Database JDBC URL [Connecting through datasource 'HikariDataSource (HikariPool-1)']
	Database driver: undefined/unknown
	Database version: 14.19
	Autocommit mode: undefined/unknown
	Isolation level: undefined/unknown
	Minimum pool size: undefined/unknown
	Maximum pool size: undefined/unknown
2025-10-21 11:38:46 [main] INFO  o.h.e.t.j.p.i.JtaPlatformInitiator - HHH000489: No JTA platform available (set 'hibernate.transaction.jta.platform' to enable JTA platform integration)
2025-10-21 11:38:46 [main] INFO  o.s.o.j.LocalContainerEntityManagerFactoryBean - Initialized JPA EntityManagerFactory for persistence unit 'default'
2025-10-21 11:38:46 [main] WARN  o.s.b.a.o.j.JpaBaseConfiguration$JpaWebConfiguration - spring.jpa.open-in-view is enabled by default. Therefore, database queries may be performed during view rendering. Explicitly configure spring.jpa.open-in-view to disable this warning
2025-10-21 11:38:46 [main] WARN  o.s.b.a.s.s.UserDetailsServiceAutoConfiguration - 

Using generated security password: 7bfe09e5-0db8-4df6-8007-226bc8d747ff

This generated password is for development use only. Your security configuration must be updated before running your application in production.

2025-10-21 11:38:46 [main] INFO  o.s.s.c.a.a.c.InitializeUserDetailsBeanManagerConfigurer$InitializeUserDetailsManagerConfigurer - Global AuthenticationManager configured with UserDetailsService bean with name inMemoryUserDetailsManager
2025-10-21 11:38:47 [main] INFO  o.s.b.a.e.web.EndpointLinksResolver - Exposing 2 endpoints beneath base path '/actuator'
2025-10-21 11:38:47 [main] DEBUG o.s.s.web.DefaultSecurityFilterChain - Will secure any request with filters: DisableEncodeUrlFilter, WebAsyncManagerIntegrationFilter, SecurityContextHolderFilter, HeaderWriterFilter, LogoutFilter, ApiKeyAuthFilter, RequestCacheAwareFilter, SecurityContextHolderAwareRequestFilter, AnonymousAuthenticationFilter, ExceptionTranslationFilter, AuthorizationFilter
2025-10-21 11:38:47 [main] INFO  o.a.coyote.http11.Http11NioProtocol - Starting ProtocolHandler ["http-nio-8081"]
2025-10-21 11:38:47 [main] INFO  o.s.b.w.e.tomcat.TomcatWebServer - Tomcat started on port 8081 (http) with context path '/'
2025-10-21 11:38:47 [main] INFO  c.n.r.RagChatStorageApplication - Started RagChatStorageApplication in 2.511 seconds (process running for 2.684)
2025-10-21 11:38:48 [RMI TCP Connection(11)-127.0.0.1] INFO  o.a.c.c.C.[Tomcat].[localhost].[/] - Initializing Spring DispatcherServlet 'dispatcherServlet'
2025-10-21 11:38:48 [RMI TCP Connection(11)-127.0.0.1] INFO  o.s.web.servlet.DispatcherServlet - Initializing Servlet 'dispatcherServlet'
2025-10-21 11:38:48 [RMI TCP Connection(11)-127.0.0.1] INFO  o.s.web.servlet.DispatcherServlet - Completed initialization in 1 ms
2025-10-21 11:38:55 [http-nio-8081-exec-2] DEBUG o.s.security.web.FilterChainProxy - Securing OPTIONS /api/v1/sessions
2025-10-21 11:38:55 [http-nio-8081-exec-1] DEBUG o.s.security.web.FilterChainProxy - Securing OPTIONS /api/v1/sessions
2025-10-21 11:38:55 [http-nio-8081-exec-1] DEBUG o.s.security.web.FilterChainProxy - Secured OPTIONS /api/v1/sessions
2025-10-21 11:38:55 [http-nio-8081-exec-2] DEBUG o.s.security.web.FilterChainProxy - Secured OPTIONS /api/v1/sessions
2025-10-21 11:38:55 [http-nio-8081-exec-2] INFO  c.n.r.c.RequestResponseLoggingFilter - [TRACE_ID: 6a2d6457-dd8e-44ff-91e5-7b3e3c86c665] Incoming Request: OPTIONS /api/v1/sessions
2025-10-21 11:38:55 [http-nio-8081-exec-1] INFO  c.n.r.c.RequestResponseLoggingFilter - [TRACE_ID: 76156290-5799-4f28-94f2-1897beeda6c4] Incoming Request: OPTIONS /api/v1/sessions
2025-10-21 11:38:55 [http-nio-8081-exec-2] DEBUG o.s.s.w.a.AnonymousAuthenticationFilter - Set SecurityContextHolder to anonymous SecurityContext
2025-10-21 11:38:55 [http-nio-8081-exec-1] DEBUG o.s.s.w.a.AnonymousAuthenticationFilter - Set SecurityContextHolder to anonymous SecurityContext
2025-10-21 11:38:55 [http-nio-8081-exec-1] INFO  c.n.r.c.RequestResponseLoggingFilter - [TRACE_ID: 76156290-5799-4f28-94f2-1897beeda6c4] Response: 200 | Time Taken: 11 ms
2025-10-21 11:38:55 [http-nio-8081-exec-2] INFO  c.n.r.c.RequestResponseLoggingFilter - [TRACE_ID: 6a2d6457-dd8e-44ff-91e5-7b3e3c86c665] Response: 200 | Time Taken: 11 ms
2025-10-21 11:38:55 [http-nio-8081-exec-3] DEBUG o.s.security.web.FilterChainProxy - Securing GET /api/v1/sessions
2025-10-21 11:38:55 [http-nio-8081-exec-4] DEBUG o.s.security.web.FilterChainProxy - Securing GET /api/v1/sessions
2025-10-21 11:38:55 [http-nio-8081-exec-3] DEBUG o.s.security.web.FilterChainProxy - Secured GET /api/v1/sessions
2025-10-21 11:38:55 [http-nio-8081-exec-3] INFO  c.n.r.c.RequestResponseLoggingFilter - [TRACE_ID: 8ee78d1f-85c6-4c73-a504-2759ce6ae793] Incoming Request: GET /api/v1/sessions
2025-10-21 11:38:55 [http-nio-8081-exec-4] DEBUG o.s.security.web.FilterChainProxy - Secured GET /api/v1/sessions
2025-10-21 11:38:55 [http-nio-8081-exec-4] INFO  c.n.r.c.RequestResponseLoggingFilter - [TRACE_ID: 1f404f57-a620-4562-8576-354007f4e74b] Incoming Request: GET /api/v1/sessions
2025-10-21 11:38:55 [http-nio-8081-exec-3] INFO  c.n.r.c.RequestResponseLoggingFilter - [TRACE_ID: 8ee78d1f-85c6-4c73-a504-2759ce6ae793] Response: 200 | Time Taken: 85 ms
2025-10-21 11:38:55 [http-nio-8081-exec-4] INFO  c.n.r.c.RequestResponseLoggingFilter - [TRACE_ID: 1f404f57-a620-4562-8576-354007f4e74b] Response: 200 | Time Taken: 85 ms
2025-10-21 11:38:58 [http-nio-8081-exec-5] DEBUG o.s.security.web.FilterChainProxy - Securing OPTIONS /api/v1/sessions/136db30a-9ffb-4525-817d-7917c71a338b/messages
2025-10-21 11:38:58 [http-nio-8081-exec-5] DEBUG o.s.security.web.FilterChainProxy - Secured OPTIONS /api/v1/sessions/136db30a-9ffb-4525-817d-7917c71a338b/messages
2025-10-21 11:38:58 [http-nio-8081-exec-5] INFO  c.n.r.c.RequestResponseLoggingFilter - [TRACE_ID: 3f6e4a43-65fd-4baa-8283-d1b8f1302bdb] Incoming Request: OPTIONS /api/v1/sessions/136db30a-9ffb-4525-817d-7917c71a338b/messages
2025-10-21 11:38:58 [http-nio-8081-exec-6] DEBUG o.s.security.web.FilterChainProxy - Securing OPTIONS /api/v1/sessions/136db30a-9ffb-4525-817d-7917c71a338b/messages
2025-10-21 11:38:58 [http-nio-8081-exec-6] DEBUG o.s.security.web.FilterChainProxy - Secured OPTIONS /api/v1/sessions/136db30a-9ffb-4525-817d-7917c71a338b/messages
2025-10-21 11:38:58 [http-nio-8081-exec-6] INFO  c.n.r.c.RequestResponseLoggingFilter - [TRACE_ID: bd9774b8-450b-4e07-8ade-904a0fa7b6ce] Incoming Request: OPTIONS /api/v1/sessions/136db30a-9ffb-4525-817d-7917c71a338b/messages
2025-10-21 11:38:58 [http-nio-8081-exec-6] DEBUG o.s.s.w.a.AnonymousAuthenticationFilter - Set SecurityContextHolder to anonymous SecurityContext
2025-10-21 11:38:58 [http-nio-8081-exec-5] DEBUG o.s.s.w.a.AnonymousAuthenticationFilter - Set SecurityContextHolder to anonymous SecurityContext
2025-10-21 11:38:58 [http-nio-8081-exec-5] INFO  c.n.r.c.RequestResponseLoggingFilter - [TRACE_ID: 3f6e4a43-65fd-4baa-8283-d1b8f1302bdb] Response: 200 | Time Taken: 5 ms
2025-10-21 11:38:58 [http-nio-8081-exec-6] INFO  c.n.r.c.RequestResponseLoggingFilter - [TRACE_ID: bd9774b8-450b-4e07-8ade-904a0fa7b6ce] Response: 200 | Time Taken: 4 ms
2025-10-21 11:38:58 [http-nio-8081-exec-7] DEBUG o.s.security.web.FilterChainProxy - Securing GET /api/v1/sessions/136db30a-9ffb-4525-817d-7917c71a338b/messages
2025-10-21 11:38:58 [http-nio-8081-exec-8] DEBUG o.s.security.web.FilterChainProxy - Securing GET /api/v1/sessions/136db30a-9ffb-4525-817d-7917c71a338b/messages
2025-10-21 11:38:58 [http-nio-8081-exec-8] DEBUG o.s.security.web.FilterChainProxy - Secured GET /api/v1/sessions/136db30a-9ffb-4525-817d-7917c71a338b/messages
2025-10-21 11:38:58 [http-nio-8081-exec-8] INFO  c.n.r.c.RequestResponseLoggingFilter - [TRACE_ID: 962a719f-22fe-478f-a212-b95a42252283] Incoming Request: GET /api/v1/sessions/136db30a-9ffb-4525-817d-7917c71a338b/messages
2025-10-21 11:38:58 [http-nio-8081-exec-7] DEBUG o.s.security.web.FilterChainProxy - Secured GET /api/v1/sessions/136db30a-9ffb-4525-817d-7917c71a338b/messages
2025-10-21 11:38:58 [http-nio-8081-exec-7] INFO  c.n.r.c.RequestResponseLoggingFilter - [TRACE_ID: e4edec86-50bf-438f-b43e-11d681d39468] Incoming Request: GET /api/v1/sessions/136db30a-9ffb-4525-817d-7917c71a338b/messages
2025-10-21 11:38:58 [http-nio-8081-exec-8] WARN  o.s.d.w.c.SpringDataJacksonConfiguration$PageModule$WarningLoggingModifier - Serializing PageImpl instances as-is is not supported, meaning that there is no guarantee about the stability of the resulting JSON structure!
	For a stable JSON structure, please use Spring Data's PagedModel (globally via @EnableSpringDataWebSupport(pageSerializationMode = VIA_DTO))
	or Spring HATEOAS and Spring Data's PagedResourcesAssembler as documented in https://docs.spring.io/spring-data/commons/reference/repositories/core-extensions.html#core.web.pageables.

2025-10-21 11:38:58 [http-nio-8081-exec-8] INFO  c.n.r.c.RequestResponseLoggingFilter - [TRACE_ID: 962a719f-22fe-478f-a212-b95a42252283] Response: 200 | Time Taken: 28 ms
2025-10-21 11:38:58 [http-nio-8081-exec-7] INFO  c.n.r.c.RequestResponseLoggingFilter - [TRACE_ID: e4edec86-50bf-438f-b43e-11d681d39468] Response: 200 | Time Taken: 28 ms
2025-10-21 11:39:15 [http-nio-8081-exec-9] DEBUG o.s.security.web.FilterChainProxy - Securing POST /api/v1/sessions/136db30a-9ffb-4525-817d-7917c71a338b/messages
2025-10-21 11:39:15 [http-nio-8081-exec-9] DEBUG o.s.security.web.FilterChainProxy - Secured POST /api/v1/sessions/136db30a-9ffb-4525-817d-7917c71a338b/messages
2025-10-21 11:39:15 [http-nio-8081-exec-9] INFO  c.n.r.c.RequestResponseLoggingFilter - [TRACE_ID: f82604e3-7512-4281-a719-da0383402915] Incoming Request: POST /api/v1/sessions/136db30a-9ffb-4525-817d-7917c71a338b/messages
2025-10-21 11:39:15 [http-nio-8081-exec-9] INFO  c.n.r.c.RequestResponseLoggingFilter - [TRACE_ID: f82604e3-7512-4281-a719-da0383402915] Response: 201 | Time Taken: 45 ms
2025-10-21 11:42:39 [HikariPool-1:housekeeper] WARN  com.zaxxer.hikari.pool.HikariPool - HikariPool-1 - Thread starvation or clock leap detected (housekeeper delta=1m22s880ms).
2025-10-21 12:17:10 [http-nio-8081-exec-3] DEBUG o.s.security.web.FilterChainProxy - Securing GET /api/v1/sessions?userId=user123
2025-10-21 12:17:10 [http-nio-8081-exec-3] DEBUG o.s.security.web.FilterChainProxy - Secured GET /api/v1/sessions?userId=user123
2025-10-21 12:17:10 [http-nio-8081-exec-3] INFO  c.n.r.c.RequestResponseLoggingFilter - [TRACE_ID: 9f7ffe34-bcd7-42d9-9410-1a6b2882072e] Incoming Request: GET /api/v1/sessions
2025-10-21 12:17:10 [http-nio-8081-exec-3] INFO  c.n.r.c.RequestResponseLoggingFilter - [TRACE_ID: 9f7ffe34-bcd7-42d9-9410-1a6b2882072e] Response: 200 | Time Taken: 21 ms
2025-10-21 12:18:28 [http-nio-8081-exec-5] DEBUG o.s.security.web.FilterChainProxy - Securing DELETE /api/v1/sessions/136db30a-9ffb-4525-817d-7917c71a338b/messages/bbf14624-3de5-4d0c-8de4-4dba071f2ee3
2025-10-21 12:18:28 [http-nio-8081-exec-5] DEBUG o.s.security.web.FilterChainProxy - Secured DELETE /api/v1/sessions/136db30a-9ffb-4525-817d-7917c71a338b/messages/bbf14624-3de5-4d0c-8de4-4dba071f2ee3
2025-10-21 12:18:28 [http-nio-8081-exec-5] INFO  c.n.r.c.RequestResponseLoggingFilter - [TRACE_ID: fa68acc4-2bae-4e9c-83f7-3f0342172224] Incoming Request: DELETE /api/v1/sessions/136db30a-9ffb-4525-817d-7917c71a338b/messages/bbf14624-3de5-4d0c-8de4-4dba071f2ee3
2025-10-21 12:18:28 [http-nio-8081-exec-5] INFO  c.n.r.c.RequestResponseLoggingFilter - [TRACE_ID: fa68acc4-2bae-4e9c-83f7-3f0342172224] Response: 204 | Time Taken: 23 ms
2025-10-21 12:21:55 [http-nio-8081-exec-9] DEBUG o.s.security.web.FilterChainProxy - Securing GET /api/v1/sessions?userId=user123
2025-10-21 12:21:55 [http-nio-8081-exec-9] DEBUG o.s.security.web.FilterChainProxy - Secured GET /api/v1/sessions?userId=user123
2025-10-21 12:21:55 [http-nio-8081-exec-9] INFO  c.n.r.c.RequestResponseLoggingFilter - [TRACE_ID: bc883841-532f-4712-aa4e-8de4a24e2939] Incoming Request: GET /api/v1/sessions
2025-10-21 12:21:55 [http-nio-8081-exec-9] INFO  c.n.r.c.RequestResponseLoggingFilter - [TRACE_ID: bc883841-532f-4712-aa4e-8de4a24e2939] Response: 200 | Time Taken: 10 ms
2025-10-21 12:22:14 [http-nio-8081-exec-10] DEBUG o.s.security.web.FilterChainProxy - Securing DELETE /api/v1/sessions/136db30a-9ffb-4525-817d-7917c71a338b/messages/bbf14624-3de5-4d0c-8de4-4dba071f2ee3
2025-10-21 12:22:14 [http-nio-8081-exec-10] DEBUG o.s.security.web.FilterChainProxy - Secured DELETE /api/v1/sessions/136db30a-9ffb-4525-817d-7917c71a338b/messages/bbf14624-3de5-4d0c-8de4-4dba071f2ee3
2025-10-21 12:22:14 [http-nio-8081-exec-10] INFO  c.n.r.c.RequestResponseLoggingFilter - [TRACE_ID: 8d6d4cd3-6430-45e0-a129-15117dee3b2d] Incoming Request: DELETE /api/v1/sessions/136db30a-9ffb-4525-817d-7917c71a338b/messages/bbf14624-3de5-4d0c-8de4-4dba071f2ee3
2025-10-21 12:22:14 [http-nio-8081-exec-10] INFO  c.n.r.c.RequestResponseLoggingFilter - [TRACE_ID: 8d6d4cd3-6430-45e0-a129-15117dee3b2d] Response: 204 | Time Taken: 16 ms
2025-10-21 12:24:52 [http-nio-8081-exec-2] DEBUG o.s.security.web.FilterChainProxy - Securing GET /api/v1/sessions?userId=user123
2025-10-21 12:24:52 [http-nio-8081-exec-2] DEBUG o.s.security.web.FilterChainProxy - Secured GET /api/v1/sessions?userId=user123
2025-10-21 12:24:52 [http-nio-8081-exec-2] INFO  c.n.r.c.RequestResponseLoggingFilter - [TRACE_ID: 0152b2bc-f41f-41b6-8dad-de26f06bf58a] Incoming Request: GET /api/v1/sessions
2025-10-21 12:24:52 [http-nio-8081-exec-2] INFO  c.n.r.c.RequestResponseLoggingFilter - [TRACE_ID: 0152b2bc-f41f-41b6-8dad-de26f06bf58a] Response: 200 | Time Taken: 14 ms
2025-10-21 12:32:46 [RMI TCP Connection(64)-127.0.0.1] INFO  o.s.b.a.SpringApplicationAdminMXBeanRegistrar$SpringApplicationAdmin - Application shutdown requested.
2025-10-21 12:32:46 [RMI TCP Connection(64)-127.0.0.1] INFO  o.s.b.w.e.tomcat.GracefulShutdown - Commencing graceful shutdown. Waiting for active requests to complete
2025-10-21 12:32:46 [tomcat-shutdown] INFO  o.a.coyote.http11.Http11NioProtocol - Pausing ProtocolHandler ["http-nio-8081"]
2025-10-21 12:32:46 [tomcat-shutdown] INFO  o.s.b.w.e.tomcat.GracefulShutdown - Graceful shutdown complete
2025-10-21 12:32:46 [RMI TCP Connection(64)-127.0.0.1] INFO  o.a.coyote.http11.Http11NioProtocol - Stopping ProtocolHandler ["http-nio-8081"]
2025-10-21 12:32:46 [RMI TCP Connection(64)-127.0.0.1] INFO  o.s.o.j.LocalContainerEntityManagerFactoryBean - Closing JPA EntityManagerFactory for persistence unit 'default'
2025-10-21 12:32:46 [RMI TCP Connection(64)-127.0.0.1] INFO  com.zaxxer.hikari.HikariDataSource - HikariPool-1 - Shutdown initiated...
2025-10-21 12:32:46 [RMI TCP Connection(64)-127.0.0.1] INFO  com.zaxxer.hikari.HikariDataSource - HikariPool-1 - Shutdown completed.
2025-10-21 12:32:50 [background-preinit] INFO  o.h.validator.internal.util.Version - HV000001: Hibernate Validator 8.0.3.Final
2025-10-21 12:32:50 [main] INFO  c.n.r.RagChatStorageApplication - Starting RagChatStorageApplication using Java 17.0.14 with PID 74199 (/Users/meghan21/Downloads/rag-chat-storage/target/classes started by meghan21 in /Users/meghan21/Downloads/rag-chat-storage)
2025-10-21 12:32:50 [main] INFO  c.n.r.RagChatStorageApplication - No active profile set, falling back to 1 default profile: "default"
2025-10-21 12:32:50 [main] INFO  o.s.d.r.c.RepositoryConfigurationDelegate - Bootstrapping Spring Data JPA repositories in DEFAULT mode.
2025-10-21 12:32:50 [main] INFO  o.s.d.r.c.RepositoryConfigurationDelegate - Finished Spring Data repository scanning in 16 ms. Found 2 JPA repository interfaces.
2025-10-21 12:32:51 [main] INFO  o.s.b.w.e.tomcat.TomcatWebServer - Tomcat initialized with port 8081 (http)
2025-10-21 12:32:51 [main] INFO  o.a.coyote.http11.Http11NioProtocol - Initializing ProtocolHandler ["http-nio-8081"]
2025-10-21 12:32:51 [main] INFO  o.a.catalina.core.StandardService - Starting service [Tomcat]
2025-10-21 12:32:51 [main] INFO  o.a.catalina.core.StandardEngine - Starting Servlet engine: [Apache Tomcat/10.1.46]
2025-10-21 12:32:51 [main] INFO  o.a.c.c.C.[Tomcat].[localhost].[/] - Initializing Spring embedded WebApplicationContext
2025-10-21 12:32:51 [main] INFO  o.s.b.w.s.c.ServletWebServerApplicationContext - Root WebApplicationContext: initialization completed in 779 ms
2025-10-21 12:32:51 [main] DEBUG c.n.r.config.ApiKeyAuthFilter - Filter 'apiKeyAuthFilter' configured for use
2025-10-21 12:32:51 [main] INFO  o.h.jpa.internal.util.LogHelper - HHH000204: Processing PersistenceUnitInfo [name: default]
2025-10-21 12:32:51 [main] INFO  org.hibernate.Version - HHH000412: Hibernate ORM core version 6.6.29.Final
2025-10-21 12:32:51 [main] INFO  o.h.c.i.RegionFactoryInitiator - HHH000026: Second-level cache disabled
2025-10-21 12:32:51 [main] INFO  o.s.o.j.p.SpringPersistenceUnitInfo - No LoadTimeWeaver setup: ignoring JPA class transformer
2025-10-21 12:32:51 [main] INFO  com.zaxxer.hikari.HikariDataSource - HikariPool-1 - Starting...
2025-10-21 12:32:51 [main] INFO  com.zaxxer.hikari.pool.HikariPool - HikariPool-1 - Added connection org.postgresql.jdbc.PgConnection@2ebcbf9d
2025-10-21 12:32:51 [main] INFO  com.zaxxer.hikari.HikariDataSource - HikariPool-1 - Start completed.
2025-10-21 12:32:51 [main] WARN  org.hibernate.orm.deprecation - HHH90000025: PostgreSQLDialect does not need to be specified explicitly using 'hibernate.dialect' (remove the property setting and it will be selected by default)
2025-10-21 12:32:51 [main] INFO  o.hibernate.orm.connections.pooling - HHH10001005: Database info:
	Database JDBC URL [Connecting through datasource 'HikariDataSource (HikariPool-1)']
	Database driver: undefined/unknown
	Database version: 14.19
	Autocommit mode: undefined/unknown
	Isolation level: undefined/unknown
	Minimum pool size: undefined/unknown
	Maximum pool size: undefined/unknown
2025-10-21 12:32:51 [main] INFO  o.h.e.t.j.p.i.JtaPlatformInitiator - HHH000489: No JTA platform available (set 'hibernate.transaction.jta.platform' to enable JTA platform integration)
2025-10-21 12:32:51 [main] INFO  o.s.o.j.LocalContainerEntityManagerFactoryBean - Initialized JPA EntityManagerFactory for persistence unit 'default'
2025-10-21 12:32:52 [main] WARN  o.s.b.a.o.j.JpaBaseConfiguration$JpaWebConfiguration - spring.jpa.open-in-view is enabled by default. Therefore, database queries may be performed during view rendering. Explicitly configure spring.jpa.open-in-view to disable this warning
2025-10-21 12:32:52 [main] WARN  o.s.b.a.s.s.UserDetailsServiceAutoConfiguration - 

Using generated security password: bbccb240-bc51-494f-899e-1d63677daa66

This generated password is for development use only. Your security configuration must be updated before running your application in production.

2025-10-21 12:32:52 [main] INFO  o.s.s.c.a.a.c.InitializeUserDetailsBeanManagerConfigurer$InitializeUserDetailsManagerConfigurer - Global AuthenticationManager configured with UserDetailsService bean with name inMemoryUserDetailsManager
2025-10-21 12:32:52 [main] INFO  o.s.b.a.e.web.EndpointLinksResolver - Exposing 2 endpoints beneath base path '/actuator'
2025-10-21 12:32:52 [main] DEBUG o.s.s.web.DefaultSecurityFilterChain - Will secure any request with filters: DisableEncodeUrlFilter, WebAsyncManagerIntegrationFilter, SecurityContextHolderFilter, HeaderWriterFilter, LogoutFilter, ApiKeyAuthFilter, RequestCacheAwareFilter, SecurityContextHolderAwareRequestFilter, AnonymousAuthenticationFilter, ExceptionTranslationFilter, AuthorizationFilter
2025-10-21 12:32:53 [main] INFO  o.a.coyote.http11.Http11NioProtocol - Starting ProtocolHandler ["http-nio-8081"]
2025-10-21 12:32:53 [main] INFO  o.s.b.w.e.tomcat.TomcatWebServer - Tomcat started on port 8081 (http) with context path '/'
2025-10-21 12:32:53 [main] INFO  c.n.r.RagChatStorageApplication - Started RagChatStorageApplication in 2.855 seconds (process running for 3.059)
2025-10-21 12:32:53 [RMI TCP Connection(10)-127.0.0.1] INFO  o.a.c.c.C.[Tomcat].[localhost].[/] - Initializing Spring DispatcherServlet 'dispatcherServlet'
2025-10-21 12:32:53 [RMI TCP Connection(10)-127.0.0.1] INFO  o.s.web.servlet.DispatcherServlet - Initializing Servlet 'dispatcherServlet'
2025-10-21 12:32:53 [RMI TCP Connection(10)-127.0.0.1] INFO  o.s.web.servlet.DispatcherServlet - Completed initialization in 1 ms
2025-10-21 12:32:57 [http-nio-8081-exec-1] DEBUG o.s.security.web.FilterChainProxy - Securing GET /api/v1/sessions?userId=user123
2025-10-21 12:32:57 [http-nio-8081-exec-1] DEBUG o.s.security.web.FilterChainProxy - Secured GET /api/v1/sessions?userId=user123
2025-10-21 12:32:57 [http-nio-8081-exec-1] INFO  c.n.r.c.RequestResponseLoggingFilter - [TRACE_ID: 3d0d78f8-31af-45e4-8c5a-0cfc4167c39f] Incoming Request: GET /api/v1/sessions
2025-10-21 12:32:57 [http-nio-8081-exec-1] INFO  c.n.r.c.RequestResponseLoggingFilter - [TRACE_ID: 3d0d78f8-31af-45e4-8c5a-0cfc4167c39f] Response: 200 | Time Taken: 79 ms
2025-10-21 12:33:11 [http-nio-8081-exec-3] DEBUG o.s.security.web.FilterChainProxy - Securing GET /api/v1/sessions?userId=user123
2025-10-21 12:33:11 [http-nio-8081-exec-3] DEBUG o.s.security.web.FilterChainProxy - Secured GET /api/v1/sessions?userId=user123
2025-10-21 12:33:11 [http-nio-8081-exec-3] INFO  c.n.r.c.RequestResponseLoggingFilter - [TRACE_ID: 05d54cc7-c26f-4508-8c08-c3dd13222a6f] Incoming Request: GET /api/v1/sessions
2025-10-21 12:33:11 [http-nio-8081-exec-3] INFO  c.n.r.c.RequestResponseLoggingFilter - [TRACE_ID: 05d54cc7-c26f-4508-8c08-c3dd13222a6f] Response: 200 | Time Taken: 10 ms
2025-10-21 13:02:31 [background-preinit] INFO  o.h.validator.internal.util.Version - HV000001: Hibernate Validator 8.0.3.Final
2025-10-21 13:02:31 [main] INFO  c.n.r.RagChatStorageApplicationTests - Starting RagChatStorageApplicationTests using Java 17.0.14 with PID 92359 (started by meghan21 in /Users/meghan21/Downloads/rag-chat-storage)
2025-10-21 13:02:31 [main] INFO  c.n.r.RagChatStorageApplicationTests - No active profile set, falling back to 1 default profile: "default"
2025-10-21 13:02:31 [main] INFO  o.s.d.r.c.RepositoryConfigurationDelegate - Bootstrapping Spring Data JPA repositories in DEFAULT mode.
2025-10-21 13:02:32 [main] INFO  o.s.d.r.c.RepositoryConfigurationDelegate - Finished Spring Data repository scanning in 25 ms. Found 2 JPA repository interfaces.
2025-10-21 13:02:32 [main] INFO  o.h.jpa.internal.util.LogHelper - HHH000204: Processing PersistenceUnitInfo [name: default]
2025-10-21 13:02:32 [main] INFO  org.hibernate.Version - HHH000412: Hibernate ORM core version 6.6.29.Final
2025-10-21 13:02:32 [main] INFO  o.h.c.i.RegionFactoryInitiator - HHH000026: Second-level cache disabled
2025-10-21 13:02:32 [main] INFO  o.s.o.j.p.SpringPersistenceUnitInfo - No LoadTimeWeaver setup: ignoring JPA class transformer
2025-10-21 13:02:32 [main] INFO  com.zaxxer.hikari.HikariDataSource - HikariPool-1 - Starting...
2025-10-21 13:02:32 [main] INFO  com.zaxxer.hikari.pool.HikariPool - HikariPool-1 - Added connection org.postgresql.jdbc.PgConnection@5408fca1
2025-10-21 13:02:32 [main] INFO  com.zaxxer.hikari.HikariDataSource - HikariPool-1 - Start completed.
2025-10-21 13:02:32 [main] WARN  org.hibernate.orm.deprecation - HHH90000025: PostgreSQLDialect does not need to be specified explicitly using 'hibernate.dialect' (remove the property setting and it will be selected by default)
2025-10-21 13:02:32 [main] INFO  o.hibernate.orm.connections.pooling - HHH10001005: Database info:
	Database JDBC URL [Connecting through datasource 'HikariDataSource (HikariPool-1)']
	Database driver: undefined/unknown
	Database version: 14.19
	Autocommit mode: undefined/unknown
	Isolation level: undefined/unknown
	Minimum pool size: undefined/unknown
	Maximum pool size: undefined/unknown
2025-10-21 13:02:33 [main] INFO  o.h.e.t.j.p.i.JtaPlatformInitiator - HHH000489: No JTA platform available (set 'hibernate.transaction.jta.platform' to enable JTA platform integration)
2025-10-21 13:02:33 [main] INFO  o.s.o.j.LocalContainerEntityManagerFactoryBean - Initialized JPA EntityManagerFactory for persistence unit 'default'
2025-10-21 13:02:33 [main] WARN  o.s.b.a.o.j.JpaBaseConfiguration$JpaWebConfiguration - spring.jpa.open-in-view is enabled by default. Therefore, database queries may be performed during view rendering. Explicitly configure spring.jpa.open-in-view to disable this warning
2025-10-21 13:02:33 [main] WARN  o.s.b.a.s.s.UserDetailsServiceAutoConfiguration - 

Using generated security password: 2106cb01-3340-45d1-8444-fe0dc4363c27

This generated password is for development use only. Your security configuration must be updated before running your application in production.

2025-10-21 13:02:33 [main] INFO  o.s.s.c.a.a.c.InitializeUserDetailsBeanManagerConfigurer$InitializeUserDetailsManagerConfigurer - Global AuthenticationManager configured with UserDetailsService bean with name inMemoryUserDetailsManager
2025-10-21 13:02:33 [main] INFO  o.s.b.a.e.web.EndpointLinksResolver - Exposing 2 endpoints beneath base path '/actuator'
2025-10-21 13:02:33 [main] DEBUG o.s.s.web.DefaultSecurityFilterChain - Will secure any request with filters: DisableEncodeUrlFilter, WebAsyncManagerIntegrationFilter, SecurityContextHolderFilter, HeaderWriterFilter, LogoutFilter, ApiKeyAuthFilter, RequestCacheAwareFilter, SecurityContextHolderAwareRequestFilter, AnonymousAuthenticationFilter, ExceptionTranslationFilter, AuthorizationFilter
2025-10-21 13:02:34 [main] INFO  c.n.r.RagChatStorageApplicationTests - Started RagChatStorageApplicationTests in 3.035 seconds (process running for 3.976)
2025-10-21 13:02:34 [SpringApplicationShutdownHook] INFO  o.s.o.j.LocalContainerEntityManagerFactoryBean - Closing JPA EntityManagerFactory for persistence unit 'default'
2025-10-21 13:02:34 [SpringApplicationShutdownHook] INFO  com.zaxxer.hikari.HikariDataSource - HikariPool-1 - Shutdown initiated...
2025-10-21 13:02:34 [SpringApplicationShutdownHook] INFO  com.zaxxer.hikari.HikariDataSource - HikariPool-1 - Shutdown completed.
2025-10-21 13:23:44 [http-nio-8081-exec-6] DEBUG o.s.security.web.FilterChainProxy - Securing GET /api/v1/sessions?userId=user123
2025-10-21 13:23:44 [http-nio-8081-exec-6] DEBUG o.s.security.web.FilterChainProxy - Secured GET /api/v1/sessions?userId=user123
2025-10-21 13:23:44 [http-nio-8081-exec-6] INFO  c.n.r.c.RequestResponseLoggingFilter - [TRACE_ID: d573038a-0de6-44fe-ab51-4972630504c9] Incoming Request: GET /api/v1/sessions
2025-10-21 13:23:44 [http-nio-8081-exec-6] INFO  c.n.r.c.RequestResponseLoggingFilter - [TRACE_ID: d573038a-0de6-44fe-ab51-4972630504c9] Response: 200 | Time Taken: 25 ms
2025-10-21 13:25:21 [http-nio-8081-exec-9] DEBUG o.s.security.web.FilterChainProxy - Securing POST /api/v1/sessions
2025-10-21 13:25:21 [http-nio-8081-exec-9] DEBUG o.s.security.web.FilterChainProxy - Secured POST /api/v1/sessions
2025-10-21 13:25:21 [http-nio-8081-exec-9] INFO  c.n.r.c.RequestResponseLoggingFilter - [TRACE_ID: cd1eadb0-09ff-409d-92a0-55b451ef45d6] Incoming Request: POST /api/v1/sessions
2025-10-21 13:25:21 [http-nio-8081-exec-9] INFO  c.n.r.c.RequestResponseLoggingFilter - [TRACE_ID: cd1eadb0-09ff-409d-92a0-55b451ef45d6] Response: 201 | Time Taken: 76 ms
2025-10-21 13:26:05 [http-nio-8081-exec-10] DEBUG o.s.security.web.FilterChainProxy - Securing POST /api/v1/sessions
2025-10-21 13:26:05 [http-nio-8081-exec-10] DEBUG o.s.security.web.FilterChainProxy - Secured POST /api/v1/sessions
2025-10-21 13:26:05 [http-nio-8081-exec-10] INFO  c.n.r.c.RequestResponseLoggingFilter - [TRACE_ID: ec04d993-4178-448e-8a24-15d71cb05367] Incoming Request: POST /api/v1/sessions
2025-10-21 13:26:05 [http-nio-8081-exec-10] INFO  c.n.r.c.RequestResponseLoggingFilter - [TRACE_ID: ec04d993-4178-448e-8a24-15d71cb05367] Response: 201 | Time Taken: 10 ms
2025-10-21 14:14:07 [HikariPool-1:housekeeper] WARN  com.zaxxer.hikari.pool.HikariPool - HikariPool-1 - Thread starvation or clock leap detected (housekeeper delta=2m15s569ms).
2025-10-21 14:59:52 [HikariPool-1:housekeeper] WARN  com.zaxxer.hikari.pool.HikariPool - HikariPool-1 - Thread starvation or clock leap detected (housekeeper delta=45m2s751ms).
2025-10-21 15:10:23 [HikariPool-1:housekeeper] WARN  com.zaxxer.hikari.pool.HikariPool - HikariPool-1 - Thread starvation or clock leap detected (housekeeper delta=1m1s88ms).
2025-10-21 15:11:35 [HikariPool-1:housekeeper] WARN  com.zaxxer.hikari.pool.HikariPool - HikariPool-1 - Thread starvation or clock leap detected (housekeeper delta=1m11s679ms).
2025-10-21 15:13:56 [http-nio-8081-exec-3] DEBUG o.s.security.web.FilterChainProxy - Securing POST /api/v1/sessions/7273ad1e-bb9d-4918-87bc-00e1e2f56e7d/messages
2025-10-21 15:13:56 [http-nio-8081-exec-3] DEBUG o.s.security.web.FilterChainProxy - Secured POST /api/v1/sessions/7273ad1e-bb9d-4918-87bc-00e1e2f56e7d/messages
2025-10-21 15:13:56 [http-nio-8081-exec-3] INFO  c.n.r.c.RequestResponseLoggingFilter - [TRACE_ID: 58c957dd-7763-4b83-81d6-862191cf025f] Incoming Request: POST /api/v1/sessions/7273ad1e-bb9d-4918-87bc-00e1e2f56e7d/messages
2025-10-21 15:13:56 [http-nio-8081-exec-3] INFO  c.n.r.c.RequestResponseLoggingFilter - [TRACE_ID: 58c957dd-7763-4b83-81d6-862191cf025f] Response: 404 | Time Taken: 29 ms
2025-10-21 15:14:27 [http-nio-8081-exec-4] DEBUG o.s.security.web.FilterChainProxy - Securing POST /api/v1/sessions/7273ad1e-bb9d-4918-87bc-00e1e2f56e7d/messages
2025-10-21 15:14:27 [http-nio-8081-exec-4] DEBUG o.s.security.web.FilterChainProxy - Secured POST /api/v1/sessions/7273ad1e-bb9d-4918-87bc-00e1e2f56e7d/messages
2025-10-21 15:14:27 [http-nio-8081-exec-4] INFO  c.n.r.c.RequestResponseLoggingFilter - [TRACE_ID: 02a2b1fc-3125-4bbb-8bd8-eaecaa607727] Incoming Request: POST /api/v1/sessions/7273ad1e-bb9d-4918-87bc-00e1e2f56e7d/messages
2025-10-21 15:14:27 [http-nio-8081-exec-4] INFO  c.n.r.c.RequestResponseLoggingFilter - [TRACE_ID: 02a2b1fc-3125-4bbb-8bd8-eaecaa607727] Response: 404 | Time Taken: 8 ms
2025-10-21 15:31:31 [http-nio-8081-exec-7] DEBUG o.s.security.web.FilterChainProxy - Securing POST /api/v1/sessions/1e241257-4740-4f72-a147-a94b09911d7e/messages
2025-10-21 15:31:31 [http-nio-8081-exec-7] DEBUG o.s.security.web.FilterChainProxy - Secured POST /api/v1/sessions/1e241257-4740-4f72-a147-a94b09911d7e/messages
2025-10-21 15:31:31 [http-nio-8081-exec-7] INFO  c.n.r.c.RequestResponseLoggingFilter - [TRACE_ID: 5d29a1f4-798d-4841-8a0e-4e7b0fa883ad] Incoming Request: POST /api/v1/sessions/1e241257-4740-4f72-a147-a94b09911d7e/messages
2025-10-21 15:31:31 [http-nio-8081-exec-7] INFO  c.n.r.c.RequestResponseLoggingFilter - [TRACE_ID: 5d29a1f4-798d-4841-8a0e-4e7b0fa883ad] Response: 404 | Time Taken: 14 ms
2025-10-21 15:42:05 [http-nio-8081-exec-9] DEBUG o.s.security.web.FilterChainProxy - Securing POST /api/v1/sessions/1e241257-4740-4f72-a147-a94b09911d7e/messages
2025-10-21 15:42:05 [http-nio-8081-exec-9] DEBUG o.s.security.web.FilterChainProxy - Secured POST /api/v1/sessions/1e241257-4740-4f72-a147-a94b09911d7e/messages
2025-10-21 15:42:05 [http-nio-8081-exec-9] INFO  c.n.r.c.RequestResponseLoggingFilter - [TRACE_ID: f418158d-8af3-412f-a54e-3806a95ef266] Incoming Request: POST /api/v1/sessions/1e241257-4740-4f72-a147-a94b09911d7e/messages
2025-10-21 15:42:05 [http-nio-8081-exec-9] INFO  c.n.r.c.RequestResponseLoggingFilter - [TRACE_ID: f418158d-8af3-412f-a54e-3806a95ef266] Response: 404 | Time Taken: 13 ms
2025-10-21 16:42:59 [HikariPool-1:housekeeper] WARN  com.zaxxer.hikari.pool.HikariPool - HikariPool-1 - Thread starvation or clock leap detected (housekeeper delta=13m53s942ms).
2025-10-21 17:30:54 [HikariPool-1:housekeeper] WARN  com.zaxxer.hikari.pool.HikariPool - HikariPool-1 - Thread starvation or clock leap detected (housekeeper delta=17m24s36ms).
2025-10-21 17:33:29 [HikariPool-1:housekeeper] WARN  com.zaxxer.hikari.pool.HikariPool - HikariPool-1 - Thread starvation or clock leap detected (housekeeper delta=2m35s201ms).
2025-10-21 18:40:25 [HikariPool-1:housekeeper] WARN  com.zaxxer.hikari.pool.HikariPool - HikariPool-1 - Thread starvation or clock leap detected (housekeeper delta=2m13s667ms).
2025-10-21 19:06:17 [HikariPool-1:housekeeper] WARN  com.zaxxer.hikari.pool.HikariPool - HikariPool-1 - Thread starvation or clock leap detected (housekeeper delta=8m51s183ms).
2025-10-21 19:09:01 [HikariPool-1:housekeeper] WARN  com.zaxxer.hikari.pool.HikariPool - HikariPool-1 - Thread starvation or clock leap detected (housekeeper delta=2m43s995ms).
2025-10-21 19:12:05 [HikariPool-1:housekeeper] WARN  com.zaxxer.hikari.pool.HikariPool - HikariPool-1 - Thread starvation or clock leap detected (housekeeper delta=3m4s488ms).
2025-10-21 19:28:47 [HikariPool-1:housekeeper] WARN  com.zaxxer.hikari.pool.HikariPool - HikariPool-1 - Thread starvation or clock leap detected (housekeeper delta=8m41s390ms).
2025-10-21 19:46:02 [HikariPool-1:housekeeper] WARN  com.zaxxer.hikari.pool.HikariPool - HikariPool-1 - Thread starvation or clock leap detected (housekeeper delta=17m14s951ms).
2025-10-21 19:58:45 [HikariPool-1:housekeeper] WARN  com.zaxxer.hikari.pool.HikariPool - HikariPool-1 - Thread starvation or clock leap detected (housekeeper delta=12m43s454ms).
2025-10-21 20:04:48 [HikariPool-1:housekeeper] WARN  com.zaxxer.hikari.pool.HikariPool - HikariPool-1 - Thread starvation or clock leap detected (housekeeper delta=5m2s559ms).
2025-10-21 20:23:18 [HikariPool-1:housekeeper] WARN  com.zaxxer.hikari.pool.HikariPool - HikariPool-1 - Thread starvation or clock leap detected (housekeeper delta=18m30s555ms).
2025-10-21 20:41:40 [HikariPool-1:housekeeper] WARN  com.zaxxer.hikari.pool.HikariPool - HikariPool-1 - Thread starvation or clock leap detected (housekeeper delta=18m21s595ms).
2025-10-21 21:19:08 [HikariPool-1:housekeeper] WARN  com.zaxxer.hikari.pool.HikariPool - HikariPool-1 - Thread starvation or clock leap detected (housekeeper delta=5m58s191ms).
2025-10-21 21:25:23 [HikariPool-1:housekeeper] WARN  com.zaxxer.hikari.pool.HikariPool - HikariPool-1 - Thread starvation or clock leap detected (housekeeper delta=6m14s252ms).
2025-10-21 21:37:20 [HikariPool-1:housekeeper] WARN  com.zaxxer.hikari.pool.HikariPool - HikariPool-1 - Thread starvation or clock leap detected (housekeeper delta=11m57s278ms).
2025-10-21 22:19:43 [HikariPool-1:housekeeper] WARN  com.zaxxer.hikari.pool.HikariPool - HikariPool-1 - Thread starvation or clock leap detected (housekeeper delta=42m23s365ms).
2025-10-21 22:54:39 [HikariPool-1:housekeeper] WARN  com.zaxxer.hikari.pool.HikariPool - HikariPool-1 - Thread starvation or clock leap detected (housekeeper delta=34m55s567ms).
2025-10-21 23:15:16 [HikariPool-1:housekeeper] WARN  com.zaxxer.hikari.pool.HikariPool - HikariPool-1 - Thread starvation or clock leap detected (housekeeper delta=5m36s919ms).
2025-10-21 23:16:29 [HikariPool-1:housekeeper] WARN  com.zaxxer.hikari.pool.HikariPool - HikariPool-1 - Thread starvation or clock leap detected (housekeeper delta=1m13s602ms).
